<?xml version="1.0" encoding="UTF-8"?>
<testsuite name="first.servlet.LibraryTest" tests="1" skipped="0" failures="0" errors="0" timestamp="2021-08-26T20:28:08" hostname="C02CCAL2MD6M" time="0.028">
  <properties/>
  <testcase name="someLibraryMethodReturnsTrue()" classname="first.servlet.LibraryTest" time="0.028"/>
  <system-out><![CDATA[]]></system-out>
  <system-err><![CDATA[]]></system-err>
</testsuite>
